Build started 31/10/2016 11:21:09 p.m..
     1>Project "E:\Amber\ReclonedRockRush\OpenGL 2D Framework - Josh Savage\OpenGL 2D Framework - Josh Savage.vcxproj" on node 2 (Build target(s)).
     1>ClCompile:
         C:\Program Files (x86)\Microsoft Visual Studio 14.0\VC\bin\CL.exe /c /I"C:\Program Files (x86)\Visual Leak Detector\include" /Zi /nologo /W3 /WX- /sdl /Od /Oy- /D WIN32 /D _UNICODE /D UNICODE /Gm /EHsc /RTC1 /MDd /GS /fp:precise /Zc:wchar_t /Zc:forScope /Zc:inline /Fo"Debug\\" /Fd"Debug\vc140.pdb" /Gd /TP /analyze- /errorReport:prompt Scene.cpp
         Scene.cpp
       Link:
         C:\Program Files (x86)\Microsoft Visual Studio 14.0\VC\bin\link.exe /ERRORREPORT:PROMPT /OUT:"E:\Amber\ReclonedRockRush\Debug\Rock Rush.exe" /INCREMENTAL /NOLOGO /LIBPATH:"C:\Program Files (x86)\Visual Leak Detector\lib\Win32" opengl32.lib glfw3.lib glew32s.lib SOIL.lib Box2D.lib kernel32.lib user32.lib gdi32.lib winspool.lib comdlg32.lib advapi32.lib shell32.lib ole32.lib oleaut32.lib uuid.lib odbc32.lib odbccp32.lib /MANIFEST /MANIFESTUAC:"level='asInvoker' uiAccess='false'" /manifest:embed /Debug /PDB:"E:\Amber\ReclonedRockRush\Debug\Rock Rush.pdb" /SUBSYSTEM:CONSOLE /TLBID:1 /DYNAMICBASE /NXCOMPAT /IMPLIB:"E:\Amber\ReclonedRockRush\Debug\Rock Rush.lib" /MACHINE:X86 Debug\Camera.obj
         Debug\Meteor.obj
         Debug\Player.obj
         Debug\Shootable.obj
         Debug\SpecialMeteor.obj
         Debug\Util.obj
         Debug\Game.obj
         Debug\GameAgent.obj
         Debug\Model.obj
         Debug\Scene.obj
         Debug\ShaderLoader.obj
         Debug\Source.obj
         Debug\Texture.obj
         OpenGL 2D Framework - Josh Savage.vcxproj -> E:\Amber\ReclonedRockRush\Debug\Rock Rush.exe
     1>Done Building Project "E:\Amber\ReclonedRockRush\OpenGL 2D Framework - Josh Savage\OpenGL 2D Framework - Josh Savage.vcxproj" (Build target(s)).

Build succeeded.

Time Elapsed 00:00:01.14
