Build started 5/10/2016 11:42:04 a.m..
     1>Project "F:\Currently Working on\Shilpa\Rock Rush - Team Sleepy Knights\OpenGL 2D Framework - Josh Savage\OpenGL 2D Framework - Josh Savage.vcxproj" on node 2 (Build target(s)).
     1>Link:
         C:\Program Files (x86)\Microsoft Visual Studio 14.0\VC\bin\link.exe /ERRORREPORT:PROMPT /OUT:"F:\Currently Working on\Shilpa\Rock Rush - Team Sleepy Knights\Release\Rock Rush.exe" /INCREMENTAL:NO /NOLOGO opengl32.lib glfw3.lib glew32s.lib SOIL.lib Box2D.lib kernel32.lib user32.lib gdi32.lib winspool.lib comdlg32.lib advapi32.lib shell32.lib ole32.lib oleaut32.lib uuid.lib odbc32.lib odbccp32.lib /MANIFEST /MANIFESTUAC:"level='asInvoker' uiAccess='false'" /manifest:embed /Debug /PDB:"F:\Currently Working on\Shilpa\Rock Rush - Team Sleepy Knights\Release\Rock Rush.pdb" /SUBSYSTEM:CONSOLE /OPT:REF /OPT:ICF /LTCG:incremental /TLBID:1 /DYNAMICBASE /NXCOMPAT /IMPLIB:"F:\Currently Working on\Shilpa\Rock Rush - Team Sleepy Knights\Release\Rock Rush.lib" /MACHINE:X86 /SAFESEH Release\Camera.obj
         Release\Enemy.obj
         Release\Player.obj
         Release\Shootable.obj
         Release\Util.obj
         Release\Game.obj
         Release\GameAgent.obj
         Release\Model.obj
         Release\Scene.obj
         Release\ShaderLoader.obj
         Release\Source.obj
         Release\Texture.obj
     1>SOIL.lib(SOIL.obj) : warning LNK4075: ignoring '/EDITANDCONTINUE' due to '/OPT:ICF' specification
     1>LINK : warning LNK4098: defaultlib 'LIBCMT' conflicts with use of other libs; use /NODEFAULTLIB:library
     1>LINK : warning LNK4098: defaultlib 'MSVCRTD' conflicts with use of other libs; use /NODEFAULTLIB:library
         Generating code
         All 1059 functions were compiled because no usable IPDB/IOBJ from previous compilation was found.
         Finished generating code
     1>glew32s.lib(glew.obj) : warning LNK4099: PDB 'vc120.pdb' was not found with 'glew32s.lib(glew.obj)' or at 'F:\Currently Working on\Shilpa\Rock Rush - Team Sleepy Knights\Release\vc120.pdb'; linking object as if no debug info
     1>SOIL.lib(image_DXT.obj) : warning LNK4099: PDB 'SOIL.pdb' was not found with 'SOIL.lib(image_DXT.obj)' or at 'F:\Currently Working on\Shilpa\Rock Rush - Team Sleepy Knights\Release\SOIL.pdb'; linking object as if no debug info
     1>SOIL.lib(image_helper.obj) : warning LNK4099: PDB 'SOIL.pdb' was not found with 'SOIL.lib(image_helper.obj)' or at 'F:\Currently Working on\Shilpa\Rock Rush - Team Sleepy Knights\Release\SOIL.pdb'; linking object as if no debug info
     1>SOIL.lib(SOIL.obj) : warning LNK4099: PDB 'SOIL.pdb' was not found with 'SOIL.lib(SOIL.obj)' or at 'F:\Currently Working on\Shilpa\Rock Rush - Team Sleepy Knights\Release\SOIL.pdb'; linking object as if no debug info
     1>SOIL.lib(stb_image_aug.obj) : warning LNK4099: PDB 'SOIL.pdb' was not found with 'SOIL.lib(stb_image_aug.obj)' or at 'F:\Currently Working on\Shilpa\Rock Rush - Team Sleepy Knights\Release\SOIL.pdb'; linking object as if no debug info
         OpenGL 2D Framework - Josh Savage.vcxproj -> F:\Currently Working on\Shilpa\Rock Rush - Team Sleepy Knights\Release\Rock Rush.exe
     1>Done Building Project "F:\Currently Working on\Shilpa\Rock Rush - Team Sleepy Knights\OpenGL 2D Framework - Josh Savage\OpenGL 2D Framework - Josh Savage.vcxproj" (Build target(s)).

Build succeeded.

Time Elapsed 00:00:01.56
